c:\users\user\downloads\macsources101106\cctools-886\cctools\gprof\release\calls.obj
c:\users\user\downloads\macsources101106\cctools-886\cctools\gprof\release\dfn.obj
c:\users\user\downloads\macsources101106\cctools-886\cctools\gprof\release\gprof.obj
c:\users\user\downloads\macsources101106\cctools-886\cctools\gprof\release\printgprof.obj
c:\users\user\downloads\macsources101106\cctools-886\cctools\gprof\release\scatter.obj
c:\users\user\downloads\macsources101106\cctools-886\cctools\gprof\release\arcs.obj
c:\users\user\downloads\macsources101106\cctools-886\cctools\gprof\release\getnfile.obj
c:\users\user\downloads\macsources101106\cctools-886\cctools\gprof\release\hertz.obj
c:\users\user\downloads\macsources101106\cctools-886\cctools\gprof\release\lookup.obj
c:\users\user\downloads\macsources101106\cctools-886\cctools\gprof\release\printlist.obj
c:\users\user\downloads\macsources101106\cctools-886\cctools\gprof\release\vc140.pdb
c:\users\user\downloads\macsources101106\cctools-886\cctools\release\gprof.exe
c:\users\user\downloads\macsources101106\cctools-886\cctools\release\gprof.ipdb
c:\users\user\downloads\macsources101106\cctools-886\cctools\release\gprof.iobj
c:\users\user\downloads\macsources101106\cctools-886\cctools\release\gprof.pdb
c:\users\user\downloads\macsources101106\cctools-886\cctools\gprof\release\gprof.tlog\cl.command.1.tlog
c:\users\user\downloads\macsources101106\cctools-886\cctools\gprof\release\gprof.tlog\cl.read.1.tlog
c:\users\user\downloads\macsources101106\cctools-886\cctools\gprof\release\gprof.tlog\cl.write.1.tlog
c:\users\user\downloads\macsources101106\cctools-886\cctools\gprof\release\gprof.tlog\link.command.1.tlog
c:\users\user\downloads\macsources101106\cctools-886\cctools\gprof\release\gprof.tlog\link.read.1.tlog
c:\users\user\downloads\macsources101106\cctools-886\cctools\gprof\release\gprof.tlog\link.write.1.tlog
