c:\users\user\downloads\macsources101106\cctools-886\stuff\release\allocate.obj
c:\users\user\downloads\macsources101106\cctools-886\stuff\release\arch_usage.obj
c:\users\user\downloads\macsources101106\cctools-886\stuff\release\breakout.obj
c:\users\user\downloads\macsources101106\cctools-886\stuff\release\checkout.obj
c:\users\user\downloads\macsources101106\cctools-886\stuff\release\dylib_roots.obj
c:\users\user\downloads\macsources101106\cctools-886\stuff\release\errors.obj
c:\users\user\downloads\macsources101106\cctools-886\stuff\release\fatals.obj
c:\users\user\downloads\macsources101106\cctools-886\stuff\release\get_arch_from_host.obj
c:\users\user\downloads\macsources101106\cctools-886\stuff\release\hash_string.obj
c:\users\user\downloads\macsources101106\cctools-886\stuff\release\hppa.obj
c:\users\user\downloads\macsources101106\cctools-886\stuff\release\llvm.obj
c:\users\user\downloads\macsources101106\cctools-886\stuff\release\macosx_deployment_target.obj
c:\users\user\downloads\macsources101106\cctools-886\stuff\release\ofile_error.obj
c:\users\user\downloads\macsources101106\cctools-886\stuff\release\print.obj
c:\users\user\downloads\macsources101106\cctools-886\stuff\release\reloc.obj
c:\users\user\downloads\macsources101106\cctools-886\stuff\release\set_arch_flag_name.obj
c:\users\user\downloads\macsources101106\cctools-886\stuff\release\symbol_list.obj
c:\users\user\downloads\macsources101106\cctools-886\stuff\release\unix_standard_mode.obj
c:\users\user\downloads\macsources101106\cctools-886\stuff\release\version_number.obj
c:\users\user\downloads\macsources101106\cctools-886\stuff\release\writeout.obj
c:\users\user\downloads\macsources101106\cctools-886\stuff\release\arch.obj
c:\users\user\downloads\macsources101106\cctools-886\stuff\release\best_arch.obj
c:\users\user\downloads\macsources101106\cctools-886\stuff\release\bytesex.obj
c:\users\user\downloads\macsources101106\cctools-886\stuff\release\coff_bytesex.obj
c:\users\user\downloads\macsources101106\cctools-886\stuff\release\crc32.obj
c:\users\user\downloads\macsources101106\cctools-886\stuff\release\dylib_table.obj
c:\users\user\downloads\macsources101106\cctools-886\stuff\release\execute.obj
c:\users\user\downloads\macsources101106\cctools-886\stuff\release\fatal_arch.obj
c:\users\user\downloads\macsources101106\cctools-886\stuff\release\get_toc_byte_sex.obj
c:\users\user\downloads\macsources101106\cctools-886\stuff\release\guess_short_name.obj
c:\users\user\downloads\macsources101106\cctools-886\stuff\release\lto.obj
c:\users\user\downloads\macsources101106\cctools-886\stuff\release\ofile.obj
c:\users\user\downloads\macsources101106\cctools-886\stuff\release\ofile_get_word.obj
c:\users\user\downloads\macsources101106\cctools-886\stuff\release\rnd.obj
c:\users\user\downloads\macsources101106\cctools-886\stuff\release\seg_addr_table.obj
c:\users\user\downloads\macsources101106\cctools-886\stuff\release\swap_headers.obj
c:\users\user\downloads\macsources101106\cctools-886\stuff\release\symloc.obj
c:\users\user\downloads\macsources101106\cctools-886\stuff\release\vm_flush_cache.obj
c:\users\user\downloads\macsources101106\cctools-886\stuff\release\windows-mmap.obj
c:\users\user\downloads\macsources101106\cctools-886\stuff\release\stuff.pdb
c:\users\user\downloads\macsources101106\cctools-886\cctools\release\stuff.lib
c:\users\user\downloads\macsources101106\cctools-886\stuff\release\stuff.tlog\cl.command.1.tlog
c:\users\user\downloads\macsources101106\cctools-886\stuff\release\stuff.tlog\cl.read.1.tlog
c:\users\user\downloads\macsources101106\cctools-886\stuff\release\stuff.tlog\cl.write.1.tlog
c:\users\user\downloads\macsources101106\cctools-886\stuff\release\stuff.tlog\lib-link.read.1.tlog
c:\users\user\downloads\macsources101106\cctools-886\stuff\release\stuff.tlog\lib-link.write.1.tlog
c:\users\user\downloads\macsources101106\cctools-886\stuff\release\stuff.tlog\lib.command.1.tlog
