c:\users\user\downloads\macsources101106\cctools-886\cctools\release\getsecbyname.obj
c:\users\user\downloads\macsources101106\cctools-886\cctools\release\getsegbyname.obj
c:\users\user\downloads\macsources101106\cctools-886\cctools\release\hppa_swap.obj
c:\users\user\downloads\macsources101106\cctools-886\cctools\release\i860_swap.obj
c:\users\user\downloads\macsources101106\cctools-886\cctools\release\m88k_swap.obj
c:\users\user\downloads\macsources101106\cctools-886\cctools\release\slot_name.obj
c:\users\user\downloads\macsources101106\cctools-886\cctools\release\swap.obj
c:\users\user\downloads\macsources101106\cctools-886\cctools\release\arch.obj
c:\users\user\downloads\macsources101106\cctools-886\cctools\release\get_end.obj
c:\users\user\downloads\macsources101106\cctools-886\cctools\release\i386_swap.obj
c:\users\user\downloads\macsources101106\cctools-886\cctools\release\m68k_swap.obj
c:\users\user\downloads\macsources101106\cctools-886\cctools\release\ppc_swap.obj
c:\users\user\downloads\macsources101106\cctools-886\cctools\release\sparc_swap.obj
c:\users\user\downloads\macsources101106\cctools-886\cctools\release\macho.pdb
c:\users\user\downloads\macsources101106\cctools-886\cctools\release\macho.lib
c:\users\user\downloads\macsources101106\cctools-886\cctools\release\gprof.ipdb
c:\users\user\downloads\macsources101106\cctools-886\cctools\release\makerelocs.ipdb
c:\users\user\downloads\macsources101106\cctools-886\cctools\release\mtoc.ipdb
c:\users\user\downloads\macsources101106\cctools-886\cctools\release\gprof.iobj
c:\users\user\downloads\macsources101106\cctools-886\cctools\release\makerelocs.iobj
c:\users\user\downloads\macsources101106\cctools-886\cctools\release\mtoc.iobj
c:\users\user\downloads\macsources101106\cctools-886\cctools\release\gprof.pdb
c:\users\user\downloads\macsources101106\cctools-886\cctools\release\makerelocs.pdb
c:\users\user\downloads\macsources101106\cctools-886\cctools\release\mtoc.pdb
c:\users\user\downloads\macsources101106\cctools-886\cctools\release\macho.tlog\cl.command.1.tlog
c:\users\user\downloads\macsources101106\cctools-886\cctools\release\macho.tlog\cl.read.1.tlog
c:\users\user\downloads\macsources101106\cctools-886\cctools\release\macho.tlog\cl.write.1.tlog
c:\users\user\downloads\macsources101106\cctools-886\cctools\release\macho.tlog\lib-link.read.1.tlog
c:\users\user\downloads\macsources101106\cctools-886\cctools\release\macho.tlog\lib-link.write.1.tlog
c:\users\user\downloads\macsources101106\cctools-886\cctools\release\macho.tlog\lib.command.1.tlog
